Archivo: Suma.cpp
Directorio: C:\Archivos
Fecha: 03/05/2021 01:40:55 p. m.
Token = #
Clasificacion = caracter
Token = include
Clasificacion = identificador
Token = <
Clasificacion = operadorRelacional
Token = stdio
Clasificacion = identificador
Token = .
Clasificacion = caracter
Token = h
Clasificacion = identificador
Token = >
Clasificacion = operadorRelacional
Token = #
Clasificacion = caracter
Token = include
Clasificacion = identificador
Token = <
Clasificacion = operadorRelacional
Token = stdlib
Clasificacion = identificador
Token = >
Clasificacion = operadorRelacional
Token = #
Clasificacion = caracter
Token = include
Clasificacion = identificador
Token = <
Clasificacion = operadorRelacional
Token = math
Clasificacion = identificador
Token = .
Clasificacion = caracter
Token = h
Clasificacion = identificador
Token = >
Clasificacion = operadorRelacional
Token = #
Clasificacion = caracter
Token = include
Clasificacion = identificador
Token = <
Clasificacion = operadorRelacional
Token = graphics
Clasificacion = identificador
Token = .
Clasificacion = caracter
Token = h
Clasificacion = identificador
Token = >
Clasificacion = operadorRelacional
Token = int
Clasificacion = tipoDato
Token = main
Clasificacion = identificador
Token = (
Clasificacion = caracter
Token = )
Clasificacion = caracter
Token = {
Clasificacion = inicioBloque
Token = const
Clasificacion = identificador
Token = float
Clasificacion = tipoDato
Token = pi
Clasificacion = identificador
Token = =
Clasificacion = asignacion
Token = 3.1415926
Clasificacion = numero
Token = ;
Clasificacion = finSentencia
Token = int
Clasificacion = tipoDato
Token = radio
Clasificacion = identificador
Token = ,
Clasificacion = caracter
Token = altura
Clasificacion = identificador
Token = ;
Clasificacion = finSentencia
Token = cout
Clasificacion = identificador
Token = <<
Clasificacion = flujoSalida
Token = "Radio= "
Clasificacion = cadena
Token = ;
Clasificacion = finSentencia
Token = cin
Clasificacion = identificador
Token = >>
Clasificacion = flujoEntrada
Token = radio
Clasificacion = identificador
Token = ;
Clasificacion = finSentencia
Token = cout
Clasificacion = identificador
Token = <<
Clasificacion = flujoSalida
Token = "Altura= "
Clasificacion = cadena
Token = ;
Clasificacion = finSentencia
Token = cin
Clasificacion = identificador
Token = >>
Clasificacion = flujoEntrada
Token = altura
Clasificacion = identificador
Token = ;
Clasificacion = finSentencia
Token = float
Clasificacion = tipoDato
Token = volumen
Clasificacion = identificador
Token = ;
Clasificacion = finSentencia
Token = volumen
Clasificacion = identificador
Token = =
Clasificacion = asignacion
Token = pi
Clasificacion = identificador
Token = ;
Clasificacion = finSentencia
Token = cout
Clasificacion = identificador
Token = <<
Clasificacion = flujoSalida
Token = volumen
Clasificacion = identificador
Token = ;
Clasificacion = finSentencia
Token = if
Clasificacion = condicion
Token = (
Clasificacion = caracter
Token = volumen
Clasificacion = identificador
Token = >
Clasificacion = operadorRelacional
Token = radio
Clasificacion = identificador
Token = )
Clasificacion = caracter
Token = {
Clasificacion = inicioBloque
Token = string
Clasificacion = tipoDato
Token = msg
Clasificacion = identificador
Token = ;
Clasificacion = finSentencia
Token = msg
Clasificacion = identificador
Token = =
Clasificacion = asignacion
Token = "Mayor"
Clasificacion = cadena
Token = ;
Clasificacion = finSentencia
Token = }
Clasificacion = finBloque
Token = else
Clasificacion = condicion
Token = {
Clasificacion = inicioBloque
Token = volumen
Clasificacion = identificador
Token = =
Clasificacion = asignacion
Token = radio
Clasificacion = identificador
Token = ;
Clasificacion = finSentencia
Token = }
Clasificacion = finBloque
Token = }
Clasificacion = finBloque
